<?xml version="1.0" encoding="UTF-8"?>
<!-- Generated by org.testng.reporters.JUnitReportReporter -->
<testsuite hostname="USC-W-4VB82R2" failures="0" tests="3" name="com.crm.qa.testcases.LoginPageTest" time="15.700" errors="0" timestamp="24 Feb 2021 23:55:22 GMT" skipped="0">
  <testcase classname="com.crm.qa.testcases.LoginPageTest" name="loginPageTitleTest" time="4.067"/>
  <testcase classname="com.crm.qa.testcases.LoginPageTest" name="crmLogoImageTest" time="4.078"/>
  <testcase classname="com.crm.qa.testcases.LoginPageTest" name="loginTest" time="7.555"/>
</testsuite> <!-- com.crm.qa.testcases.LoginPageTest -->
