<?xml version="1.0" encoding="UTF-8"?>
<!-- Generated by org.testng.reporters.JUnitReportReporter -->
<testsuite hostname="USC-W-4VB82R2" failures="0" tests="1" name="com.crm.qa.testcases.HomePageTest" time="7.630" errors="0" timestamp="24 Feb 2021 23:55:23 GMT" skipped="0">
  <testcase classname="com.crm.qa.testcases.HomePageTest" name="VerifyUserName" time="7.630"/>
</testsuite> <!-- com.crm.qa.testcases.HomePageTest -->
