<?xml version="1.0" encoding="UTF-8"?>
<!-- Generated by org.testng.reporters.JUnitReportReporter -->
<testsuite hostname="USC-W-4VB82R2" failures="0" tests="3" name="com.crm.qa.testcases.ContactsPageTest" time="32.020" errors="0" timestamp="24 Feb 2021 23:55:23 GMT" skipped="0">
  <testcase classname="com.crm.qa.testcases.ContactsPageTest" name="ValidateCreateNewContact" time="10.997"/>
  <testcase classname="com.crm.qa.testcases.ContactsPageTest" name="ValidateCreateNewContact" time="10.982"/>
  <testcase classname="com.crm.qa.testcases.ContactsPageTest" name="ValidateCreateNewContact" time="10.041"/>
</testsuite> <!-- com.crm.qa.testcases.ContactsPageTest -->
